<?xml version="1.0" encoding="UTF-8"?>
<testng-results skipped="0" failed="0" total="1" passed="1">
  <reporter-output>
  </reporter-output>
  <suite name="Default suite" duration-ms="2577" started-at="2019-04-15T13:04:20Z" finished-at="2019-04-15T13:04:22Z">
    <groups>
    </groups>
    <test name="Default test" duration-ms="2577" started-at="2019-04-15T13:04:20Z" finished-at="2019-04-15T13:04:22Z">
      <class name="apitesting.ValidateStatusCode">
        <test-method status="PASS" signature="GetStatusCode()[pri:0, instance:apitesting.ValidateStatusCode@2a2d45ba]" name="GetStatusCode" duration-ms="2565" started-at="2019-04-15T15:04:20Z" finished-at="2019-04-15T15:04:22Z">
          <reporter-output>
          </reporter-output>
        </test-method> <!-- GetStatusCode -->
      </class> <!-- apitesting.ValidateStatusCode -->
    </test> <!-- Default test -->
  </suite> <!-- Default suite -->
</testng-results>
