<?xml version="1.0" encoding="UTF-8"?>
<testng-results skipped="0" failed="0" total="1" passed="1">
  <reporter-output>
  </reporter-output>
  <suite name="Default suite" duration-ms="2969" started-at="2019-04-15T12:50:45Z" finished-at="2019-04-15T12:50:48Z">
    <groups>
    </groups>
    <test name="Default test" duration-ms="2969" started-at="2019-04-15T12:50:45Z" finished-at="2019-04-15T12:50:48Z">
      <class name="apitesting.SimplGetTest">
        <test-method status="PASS" signature="GetWeatherDetails()[pri:0, instance:apitesting.SimplGetTest@2a2d45ba]" name="GetWeatherDetails" duration-ms="2957" started-at="2019-04-15T14:50:45Z" finished-at="2019-04-15T14:50:48Z">
          <reporter-output>
          </reporter-output>
        </test-method> <!-- GetWeatherDetails -->
      </class> <!-- apitesting.SimplGetTest -->
    </test> <!-- Default test -->
  </suite> <!-- Default suite -->
</testng-results>
